{"/home/orlando/express-postgres-crud/server.js": {"path":"/home/orlando/express-postgres-crud/server.js","statementMap":{"0":{"start":{"line":6,"column":0},"end":{"line":6,"column":16}},"1":{"start":{"line":8,"column":19},"end":{"line":8,"column":28}},"2":{"start":{"line":9,"column":0},"end":{"line":9,"column":24}},"3":{"start":{"line":12,"column":25},"end":{"line":22,"column":1}},"4":{"start":{"line":25,"column":20},"end":{"line":28,"column":2}},"5":{"start":{"line":31,"column":19},"end":{"line":40,"column":2}},"6":{"start":{"line":42,"column":21},"end":{"line":49,"column":1}},"7":{"start":{"line":43,"column":20},"end":{"line":43,"column":72}},"8":{"start":{"line":44,"column":2},"end":{"line":47,"column":3}},"9":{"start":{"line":45,"column":19},"end":{"line":45,"column":64}},"10":{"start":{"line":45,"column":49},"end":{"line":45,"column":63}},"11":{"start":{"line":46,"column":4},"end":{"line":46,"column":44}},"12":{"start":{"line":48,"column":2},"end":{"line":48,"column":9}},"13":{"start":{"line":52,"column":0},"end":{"line":63,"column":3}},"14":{"start":{"line":53,"column":2},"end":{"line":62,"column":3}},"15":{"start":{"line":54,"column":28},"end":{"line":54,"column":36}},"16":{"start":{"line":55,"column":20},"end":{"line":55,"column":54}},"17":{"start":{"line":56,"column":4},"end":{"line":56,"column":34}},"18":{"start":{"line":58,"column":4},"end":{"line":60,"column":5}},"19":{"start":{"line":59,"column":6},"end":{"line":59,"column":69}},"20":{"start":{"line":61,"column":4},"end":{"line":61,"column":51}},"21":{"start":{"line":65,"column":0},"end":{"line":72,"column":3}},"22":{"start":{"line":66,"column":2},"end":{"line":71,"column":3}},"23":{"start":{"line":67,"column":18},"end":{"line":67,"column":38}},"24":{"start":{"line":68,"column":4},"end":{"line":68,"column":32}},"25":{"start":{"line":70,"column":4},"end":{"line":70,"column":51}},"26":{"start":{"line":74,"column":0},"end":{"line":82,"column":3}},"27":{"start":{"line":75,"column":2},"end":{"line":81,"column":3}},"28":{"start":{"line":76,"column":17},"end":{"line":76,"column":51}},"29":{"start":{"line":77,"column":4},"end":{"line":77,"column":72}},"30":{"start":{"line":77,"column":15},"end":{"line":77,"column":72}},"31":{"start":{"line":78,"column":4},"end":{"line":78,"column":31}},"32":{"start":{"line":80,"column":4},"end":{"line":80,"column":51}},"33":{"start":{"line":84,"column":0},"end":{"line":98,"column":3}},"34":{"start":{"line":85,"column":2},"end":{"line":97,"column":3}},"35":{"start":{"line":86,"column":28},"end":{"line":86,"column":36}},"36":{"start":{"line":87,"column":17},"end":{"line":87,"column":51}},"37":{"start":{"line":88,"column":4},"end":{"line":88,"column":72}},"38":{"start":{"line":88,"column":15},"end":{"line":88,"column":72}},"39":{"start":{"line":90,"column":4},"end":{"line":90,"column":39}},"40":{"start":{"line":91,"column":4},"end":{"line":91,"column":31}},"41":{"start":{"line":93,"column":4},"end":{"line":95,"column":5}},"42":{"start":{"line":94,"column":6},"end":{"line":94,"column":69}},"43":{"start":{"line":96,"column":4},"end":{"line":96,"column":51}},"44":{"start":{"line":100,"column":0},"end":{"line":110,"column":3}},"45":{"start":{"line":101,"column":2},"end":{"line":109,"column":3}},"46":{"start":{"line":102,"column":17},"end":{"line":102,"column":51}},"47":{"start":{"line":103,"column":4},"end":{"line":103,"column":72}},"48":{"start":{"line":103,"column":15},"end":{"line":103,"column":72}},"49":{"start":{"line":105,"column":4},"end":{"line":105,"column":25}},"50":{"start":{"line":106,"column":4},"end":{"line":106,"column":67}},"51":{"start":{"line":108,"column":4},"end":{"line":108,"column":51}},"52":{"start":{"line":113,"column":0},"end":{"line":122,"column":1}},"53":{"start":{"line":114,"column":2},"end":{"line":121,"column":58}},"54":{"start":{"line":117,"column":6},"end":{"line":117,"column":42}},"55":{"start":{"line":118,"column":19},"end":{"line":118,"column":43}},"56":{"start":{"line":119,"column":6},"end":{"line":119,"column":71}},"57":{"start":{"line":119,"column":29},"end":{"line":119,"column":69}},"58":{"start":{"line":121,"column":20},"end":{"line":121,"column":56}}},"fnMap":{"0":{"name":"(anonymous_0)","decl":{"start":{"line":42,"column":21},"end":{"line":42,"column":22}},"loc":{"start":{"line":42,"column":41},"end":{"line":49,"column":1}},"line":42},"1":{"name":"(anonymous_1)","decl":{"start":{"line":45,"column":37},"end":{"line":45,"column":38}},"loc":{"start":{"line":45,"column":49},"end":{"line":45,"column":63}},"line":45},"2":{"name":"(anonymous_2)","decl":{"start":{"line":52,"column":33},"end":{"line":52,"column":34}},"loc":{"start":{"line":52,"column":53},"end":{"line":63,"column":1}},"line":52},"3":{"name":"(anonymous_3)","decl":{"start":{"line":65,"column":18},"end":{"line":65,"column":19}},"loc":{"start":{"line":65,"column":38},"end":{"line":72,"column":1}},"line":65},"4":{"name":"(anonymous_4)","decl":{"start":{"line":74,"column":22},"end":{"line":74,"column":23}},"loc":{"start":{"line":74,"column":42},"end":{"line":82,"column":1}},"line":74},"5":{"name":"(anonymous_5)","decl":{"start":{"line":84,"column":36},"end":{"line":84,"column":37}},"loc":{"start":{"line":84,"column":56},"end":{"line":98,"column":1}},"line":84},"6":{"name":"(anonymous_6)","decl":{"start":{"line":100,"column":25},"end":{"line":100,"column":26}},"loc":{"start":{"line":100,"column":45},"end":{"line":110,"column":1}},"line":100},"7":{"name":"(anonymous_7)","decl":{"start":{"line":116,"column":10},"end":{"line":116,"column":11}},"loc":{"start":{"line":116,"column":16},"end":{"line":120,"column":5}},"line":116},"8":{"name":"(anonymous_8)","decl":{"start":{"line":119,"column":23},"end":{"line":119,"column":24}},"loc":{"start":{"line":119,"column":29},"end":{"line":119,"column":69}},"line":119},"9":{"name":"(anonymous_9)","decl":{"start":{"line":121,"column":11},"end":{"line":121,"column":12}},"loc":{"start":{"line":121,"column":20},"end":{"line":121,"column":56}},"line":121}},"branchMap":{"0":{"loc":{"start":{"line":13,"column":2},"end":{"line":13,"column":34}},"type":"binary-expr","locations":[{"start":{"line":13,"column":2},"end":{"line":13,"column":21}},{"start":{"line":13,"column":25},"end":{"line":13,"column":34}}],"line":13},"1":{"loc":{"start":{"line":14,"column":2},"end":{"line":14,"column":35}},"type":"binary-expr","locations":[{"start":{"line":14,"column":2},"end":{"line":14,"column":21}},{"start":{"line":14,"column":25},"end":{"line":14,"column":35}}],"line":14},"2":{"loc":{"start":{"line":15,"column":2},"end":{"line":15,"column":48}},"type":"binary-expr","locations":[{"start":{"line":15,"column":2},"end":{"line":15,"column":25}},{"start":{"line":15,"column":29},"end":{"line":15,"column":48}}],"line":15},"3":{"loc":{"start":{"line":17,"column":10},"end":{"line":17,"column":44}},"type":"binary-expr","locations":[{"start":{"line":17,"column":10},"end":{"line":17,"column":29}},{"start":{"line":17,"column":33},"end":{"line":17,"column":44}}],"line":17},"4":{"loc":{"start":{"line":18,"column":10},"end":{"line":18,"column":37}},"type":"binary-expr","locations":[{"start":{"line":18,"column":10},"end":{"line":18,"column":29}},{"start":{"line":18,"column":33},"end":{"line":18,"column":37}}],"line":18},"5":{"loc":{"start":{"line":44,"column":2},"end":{"line":47,"column":3}},"type":"if","locations":[{"start":{"line":44,"column":2},"end":{"line":47,"column":3}},{"start":{},"end":{}}],"line":44},"6":{"loc":{"start":{"line":58,"column":4},"end":{"line":60,"column":5}},"type":"if","locations":[{"start":{"line":58,"column":4},"end":{"line":60,"column":5}},{"start":{},"end":{}}],"line":58},"7":{"loc":{"start":{"line":77,"column":4},"end":{"line":77,"column":72}},"type":"if","locations":[{"start":{"line":77,"column":4},"end":{"line":77,"column":72}},{"start":{},"end":{}}],"line":77},"8":{"loc":{"start":{"line":88,"column":4},"end":{"line":88,"column":72}},"type":"if","locations":[{"start":{"line":88,"column":4},"end":{"line":88,"column":72}},{"start":{},"end":{}}],"line":88},"9":{"loc":{"start":{"line":93,"column":4},"end":{"line":95,"column":5}},"type":"if","locations":[{"start":{"line":93,"column":4},"end":{"line":95,"column":5}},{"start":{},"end":{}}],"line":93},"10":{"loc":{"start":{"line":103,"column":4},"end":{"line":103,"column":72}},"type":"if","locations":[{"start":{"line":103,"column":4},"end":{"line":103,"column":72}},{"start":{},"end":{}}],"line":103},"11":{"loc":{"start":{"line":113,"column":0},"end":{"line":122,"column":1}},"type":"if","locations":[{"start":{"line":113,"column":0},"end":{"line":122,"column":1}},{"start":{},"end":{}}],"line":113},"12":{"loc":{"start":{"line":118,"column":19},"end":{"line":118,"column":43}},"type":"binary-expr","locations":[{"start":{"line":118,"column":19},"end":{"line":118,"column":35}},{"start":{"line":118,"column":39},"end":{"line":118,"column":43}}],"line":118}},"s":{"0":1,"1":1,"2":1,"3":1,"4":1,"5":1,"6":1,"7":0,"8":0,"9":0,"10":0,"11":0,"12":0,"13":1,"14":0,"15":0,"16":0,"17":0,"18":0,"19":0,"20":0,"21":1,"22":0,"23":0,"24":0,"25":0,"26":1,"27":0,"28":0,"29":0,"30":0,"31":0,"32":0,"33":1,"34":0,"35":0,"36":0,"37":0,"38":0,"39":0,"40":0,"41":0,"42":0,"43":0,"44":1,"45":0,"46":0,"47":0,"48":0,"49":0,"50":0,"51":0,"52":1,"53":0,"54":0,"55":0,"56":0,"57":0,"58":0},"f":{"0":0,"1":0,"2":0,"3":0,"4":0,"5":0,"6":0,"7":0,"8":0,"9":0},"b":{"0":[1,0],"1":[1,0],"2":[1,0],"3":[1,0],"4":[1,0],"5":[0,0],"6":[0,0],"7":[0,0],"8":[0,0],"9":[0,0],"10":[0,0],"11":[0,1],"12":[0,0]},"inputSourceMap":null,"_coverageSchema":"1a1c01bbd47fc00a2c39e90264f33305004495a9","hash":"852f1f350b122b0b2ea052d36221130721a6087b"}
}
